mode: set
github.com/MatThHeuss/go-rest-api/internal/entity/product.go:25.63,33.16 3 1
github.com/MatThHeuss/go-rest-api/internal/entity/product.go:37.2,37.21 1 1
github.com/MatThHeuss/go-rest-api/internal/entity/product.go:33.16,35.3 1 0
github.com/MatThHeuss/go-rest-api/internal/entity/product.go:40.36,41.25 1 1
github.com/MatThHeuss/go-rest-api/internal/entity/product.go:45.2,45.57 1 1
github.com/MatThHeuss/go-rest-api/internal/entity/product.go:49.2,49.18 1 1
github.com/MatThHeuss/go-rest-api/internal/entity/product.go:53.2,53.20 1 1
github.com/MatThHeuss/go-rest-api/internal/entity/product.go:57.2,57.19 1 1
github.com/MatThHeuss/go-rest-api/internal/entity/product.go:61.2,61.12 1 1
github.com/MatThHeuss/go-rest-api/internal/entity/product.go:41.25,43.3 1 0
github.com/MatThHeuss/go-rest-api/internal/entity/product.go:45.57,47.3 1 0
github.com/MatThHeuss/go-rest-api/internal/entity/product.go:49.18,51.3 1 0
github.com/MatThHeuss/go-rest-api/internal/entity/product.go:53.20,55.3 1 0
github.com/MatThHeuss/go-rest-api/internal/entity/product.go:57.19,59.3 1 0
github.com/MatThHeuss/go-rest-api/internal/entity/user.go:24.59,26.16 2 1
github.com/MatThHeuss/go-rest-api/internal/entity/user.go:30.2,39.16 3 1
github.com/MatThHeuss/go-rest-api/internal/entity/user.go:43.2,43.18 1 1
github.com/MatThHeuss/go-rest-api/internal/entity/user.go:26.16,28.3 1 0
github.com/MatThHeuss/go-rest-api/internal/entity/user.go:39.16,41.3 1 0
github.com/MatThHeuss/go-rest-api/internal/entity/user.go:46.56,48.2 1 1
github.com/MatThHeuss/go-rest-api/internal/entity/user.go:50.49,54.2 2 1
github.com/MatThHeuss/go-rest-api/internal/entity/user.go:56.33,57.25 1 1
github.com/MatThHeuss/go-rest-api/internal/entity/user.go:61.2,61.57 1 1
github.com/MatThHeuss/go-rest-api/internal/entity/user.go:65.2,65.18 1 1
github.com/MatThHeuss/go-rest-api/internal/entity/user.go:69.2,69.19 1 1
github.com/MatThHeuss/go-rest-api/internal/entity/user.go:73.2,73.43 1 1
github.com/MatThHeuss/go-rest-api/internal/entity/user.go:78.2,78.22 1 1
github.com/MatThHeuss/go-rest-api/internal/entity/user.go:82.2,82.12 1 1
github.com/MatThHeuss/go-rest-api/internal/entity/user.go:57.25,59.3 1 0
github.com/MatThHeuss/go-rest-api/internal/entity/user.go:61.57,63.3 1 0
github.com/MatThHeuss/go-rest-api/internal/entity/user.go:65.18,67.3 1 0
github.com/MatThHeuss/go-rest-api/internal/entity/user.go:69.19,71.3 1 0
github.com/MatThHeuss/go-rest-api/internal/entity/user.go:73.43,76.3 1 0
github.com/MatThHeuss/go-rest-api/internal/entity/user.go:78.22,80.3 1 0
